\BOOKMARK [1][-]{section.1}{\376\377\122\027\116\076\121\372\201\363\134\021\0005\230\171\126\375\133\266\135\362\176\317\136\372\142\020\166\204\221\315\131\047\135\345\172\013\230\171\166\356\377\014\173\200\147\220\121\166\141\017\116\111\060\001\116\367\120\074\060\001\162\171\160\271\060\001\163\260\127\050\217\320\210\114\145\110\147\234\124\214\133\130\127\050\166\204\225\356\230\230}{}% 1
\BOOKMARK [2][-]{subsection.1.1}{\376\377\116\011\134\341\135\345\172\013}{section.1}% 2
\BOOKMARK [2][-]{subsection.1.2}{\376\377\227\122\205\317\224\301\215\357}{section.1}% 3
\BOOKMARK [2][-]{subsection.1.3}{\376\377\123\127\154\064\123\027\214\003\135\345\172\013}{section.1}% 4
\BOOKMARK [2][-]{subsection.1.4}{\376\377\156\057\163\340\157\263\131\047\150\145}{section.1}% 5
\BOOKMARK [2][-]{subsection.1.5}{\376\377\132\346\132\045\143\242\147\010\135\345\172\013}{section.1}% 6
\BOOKMARK [1][-]{section.2}{\376\377\116\345\145\260\121\240\116\072\116\343\210\150\166\204\172\201\123\321\121\154\121\161\123\153\165\037\116\213\116\366\136\224\140\045\173\241\164\006\116\055\377\014\172\201\123\321\121\154\121\161\123\153\165\037\116\213\116\366\136\224\140\045\173\241\164\006\143\252\145\275\116\016\117\040\144\255\152\041\127\213\060\001\147\072\164\006\116\113\225\364\166\204\121\163\174\373}{}% 7
\BOOKMARK [2][-]{subsection.2.1}{\376\377\136\224\140\045\173\241\164\006\143\252\145\275}{section.2}% 8
\BOOKMARK [2][-]{subsection.2.2}{\376\377\117\040\144\255\152\041\127\213\116\016\147\072\164\006}{section.2}% 9
\BOOKMARK [2][-]{subsection.2.3}{\376\377\121\163\174\373\122\006\147\220}{section.2}% 10
\BOOKMARK [3][-]{subsubsection.2.3.1}{\376\377\166\321\155\113\116\016\230\204\213\146\000\040\000v\000s\000.\000\040\117\040\144\255\152\041\127\213}{subsection.2.3}% 11
\BOOKMARK [3][-]{subsubsection.2.3.2}{\376\377\226\224\171\273\116\016\134\001\225\001\000\040\000v\000s\000.\000\040\143\245\211\346\177\121\176\334}{subsection.2.3}% 12
\BOOKMARK [3][-]{subsubsection.2.3.3}{\376\377\123\073\165\227\215\104\156\220\214\003\221\115\000\040\000v\000s\000.\000\040\000S\000E\000I\000R\152\041\127\213}{subsection.2.3}% 13
\BOOKMARK [3][-]{subsubsection.2.3.4}{\376\377\165\253\202\327\143\245\171\315\000\040\000v\000s\000.\000\040\000R\0000\120\074}{subsection.2.3}% 14
\BOOKMARK [3][-]{subsubsection.2.3.5}{\376\377\117\341\140\157\121\154\137\000\000\040\000v\000s\000.\000\040\171\076\117\032\210\114\116\072\145\071\123\330}{subsection.2.3}% 15
\BOOKMARK [1][-]{section.3}{\376\377\137\123\122\115\116\055\177\216\121\163\174\373\133\371\121\150\164\003\117\233\136\224\224\376\117\123\174\373\166\204\137\161\124\315}{}% 16
\BOOKMARK [2][-]{subsection.3.1}{\376\377\215\070\146\023\144\151\144\346\116\016\121\163\172\016}{section.3}% 17
\BOOKMARK [2][-]{subsection.3.2}{\376\377\142\200\147\057\172\336\116\211\116\016\226\120\122\066\143\252\145\275}{section.3}% 18
\BOOKMARK [2][-]{subsection.3.3}{\376\377\127\060\177\030\145\077\154\273\175\047\137\040\134\100\122\277}{section.3}% 19
\BOOKMARK [2][-]{subsection.3.4}{\376\377\176\323\213\272}{section.3}% 20
\BOOKMARK [1][-]{section.4}{\376\377\116\055\126\375\131\202\117\125\142\123\220\040\201\352\116\073\166\204\117\233\136\224\213\276\213\241\217\157\116\366\124\214\135\345\116\032\143\247\122\066\217\157\116\366}{}% 21
\BOOKMARK [2][-]{subsection.4.1}{\376\377\163\260\162\266\116\016\143\021\142\030}{section.4}% 22
\BOOKMARK [2][-]{subsection.4.2}{\376\377\145\077\173\126\145\057\143\001\116\016\123\321\134\125\173\126\165\145}{section.4}% 23
\BOOKMARK [2][-]{subsection.4.3}{\376\377\121\167\117\123\143\252\145\275}{section.4}% 24
\BOOKMARK [1][-]{section.5}{\376\377\213\272\217\360\201\352\122\250\123\026\377\010\174\173\377\011\116\023\116\032\133\146\165\037\127\050\147\052\147\145\126\375\133\266\176\317\155\116\060\001\126\375\226\062\124\214\171\076\117\032\123\321\134\125\116\055\166\204\117\030\122\277\127\060\117\115}{}% 25
\BOOKMARK [2][-]{subsection.5.1}{\376\377\121\170\127\213\227\136\142\200\147\057\174\373\176\337\166\204\162\171\160\271}{section.5}% 26
\BOOKMARK [2][-]{subsection.5.2}{\376\377\201\352\122\250\123\026\116\023\116\032\166\204\150\070\137\303\200\375\122\233}{section.5}% 27
\BOOKMARK [2][-]{subsection.5.3}{\376\377\145\260\227\000\154\102\200\314\146\157\116\013\166\204\117\030\122\277}{section.5}% 28
\BOOKMARK [1][-]{section.6}{\376\377\142\064\146\016\215\050\221\317\173\241\164\006\123\101\126\333\147\141\166\204\122\006\147\220\116\016\213\304\116\367}{}% 29
\BOOKMARK [2][-]{subsection.6.1}{\376\377\122\006\147\220}{section.6}% 30
\BOOKMARK [2][-]{subsection.6.2}{\376\377\213\304\116\367}{section.6}% 31
