\BOOKMARK [1][-]{section.1}{\376\377\116\076\117\213\213\272\217\360\174\373\176\337\226\306\142\020\142\200\147\057\123\330\227\151\133\371\121\150\164\003\122\066\220\040\116\032\377\014\116\247\116\032\377\014\116\345\123\312\116\026\165\114\145\077\154\273\377\014\176\317\155\116\150\074\134\100\166\204\137\161\124\315}{}% 1
\BOOKMARK [2][-]{subsection.1.1}{\376\377\133\371\121\150\164\003\122\066\220\040\116\032\166\204\137\161\124\315}{section.1}% 2
\BOOKMARK [2][-]{subsection.1.2}{\376\377\133\371\116\247\116\032\166\204\137\161\124\315}{section.1}% 3
\BOOKMARK [2][-]{subsection.1.3}{\376\377\133\371\116\026\165\114\145\077\154\273\150\074\134\100\166\204\137\161\124\315}{section.1}% 4
\BOOKMARK [2][-]{subsection.1.4}{\376\377\133\371\116\026\165\114\176\317\155\116\150\074\134\100\166\204\137\161\124\315}{section.1}% 5
\BOOKMARK [1][-]{section.2}{\376\377\173\200\217\360\162\151\164\006\226\306\142\020\377\014\117\341\140\157\226\306\142\020\377\014\122\237\200\375\226\306\142\020\377\014\116\032\122\241\226\306\142\020\377\014\152\041\127\213\226\306\142\020\377\014\173\227\154\325\226\306\142\020\166\204\124\053\116\111\377\014\116\345\123\312\166\370\121\163\142\200\147\057\116\272\124\130\227\000\211\201\166\204\167\345\213\306\116\016\200\375\122\233}{}% 6
\BOOKMARK [2][-]{subsection.2.1}{\376\377\162\151\164\006\226\306\142\020}{section.2}% 7
\BOOKMARK [2][-]{subsection.2.2}{\376\377\117\341\140\157\226\306\142\020}{section.2}% 8
\BOOKMARK [2][-]{subsection.2.3}{\376\377\122\237\200\375\226\306\142\020}{section.2}% 9
\BOOKMARK [2][-]{subsection.2.4}{\376\377\162\151\164\006\226\306\142\020}{section.2}% 10
\BOOKMARK [2][-]{subsection.2.5}{\376\377\152\041\127\213\226\306\142\020}{section.2}% 11
\BOOKMARK [1][-]{section.3}{\376\377\117\341\140\157\162\151\164\006\207\215\124\010\174\373\176\337\127\050\146\172\200\375\165\065\177\121\122\006\136\003\137\017\200\375\156\220\173\241\164\006\174\373\176\337\116\055\166\204\136\224\165\050}{}% 12
\BOOKMARK [2][-]{subsection.3.1}{\376\377\133\236\145\366\166\321\143\247\116\016\145\160\143\156\221\307\226\306}{section.3}% 13
\BOOKMARK [2][-]{subsection.3.2}{\376\377\145\160\143\156\122\006\147\220\116\016\230\204\155\113}{section.3}% 14
\BOOKMARK [2][-]{subsection.3.3}{\376\377\117\030\123\026\214\003\136\246\116\016\143\247\122\066}{section.3}% 15
\BOOKMARK [2][-]{subsection.3.4}{\376\377\145\105\226\234\150\300\155\113\116\016\140\142\131\015}{section.3}% 16
\BOOKMARK [1][-]{section.4}{\376\377\213\367\176\323\124\010\117\213\133\120\377\014\173\200\217\360\174\373\176\337\135\345\172\013\124\214\117\123\174\373\135\345\172\013\124\004\201\352\166\204\162\171\133\232\116\016\135\356\137\002}{}% 17
\BOOKMARK [2][-]{subsection.4.1}{\376\377\174\373\176\337\135\345\172\013}{section.4}% 18
\BOOKMARK [2][-]{subsection.4.2}{\376\377\117\123\174\373\135\345\172\013}{section.4}% 19
\BOOKMARK [2][-]{subsection.4.3}{\376\377\201\352\135\361\166\204\211\301\211\343}{section.4}% 20
